{"data":{"message":"Server is running","status":"ok"},"level":"info","message":"Health check successful","status":200,"timestamp":"2025-04-03T23:05:21.871Z"}
{"baseEndpoint":true,"emailEndpoint":true,"level":"info","memoryUsage":{"arrayBuffers":38867,"external":2198302,"heapTotal":17756160,"heapUsed":11774616,"rss":47030272},"message":"Health check successful","timestamp":"2025-04-03T23:07:01.224Z","uptime":0.4259688}
{"baseEndpoint":true,"emailEndpoint":true,"level":"info","memoryUsage":{"arrayBuffers":38868,"external":2198303,"heapTotal":17756160,"heapUsed":11751776,"rss":47357952},"message":"Health check successful","timestamp":"2025-04-03T23:10:09.110Z","uptime":0.4725659}
{"baseEndpoint":true,"emailEndpoint":true,"level":"info","memoryUsage":{"arrayBuffers":41462,"external":2200937,"heapTotal":10674176,"heapUsed":9189344,"rss":42782720},"message":"Health check successful","timestamp":"2025-04-03T23:12:01.224Z","uptime":300.3749854}
{"error":"invalid json response body at https://academease-contact-dherfjbsb7csh7c6.westus-01.azurewebsites.net/ reason: Unexpected token '<', \"<!DOCTYPE \"... is not valid JSON","level":"error","memoryUsage":{"arrayBuffers":23403,"external":2182838,"heapTotal":17756160,"heapUsed":11634976,"rss":46989312},"message":"Health check failed","timestamp":"2025-04-03T23:15:08.109Z"}
{"baseEndpoint":true,"emailEndpoint":true,"level":"info","memoryUsage":{"arrayBuffers":47328,"external":2211630,"heapTotal":10674176,"heapUsed":9471904,"rss":43077632},"message":"Health check successful","timestamp":"2025-04-03T23:17:01.226Z","uptime":626.8859372}
{"baseEndpoint":true,"emailEndpoint":true,"level":"info","memoryUsage":{"arrayBuffers":60837,"external":2226275,"heapTotal":17756160,"heapUsed":12051784,"rss":47951872},"message":"Health check successful","timestamp":"2025-04-03T23:19:01.666Z","uptime":0.7089785}
{"baseEndpoint":true,"emailEndpoint":true,"level":"info","memoryUsage":{"arrayBuffers":70773,"external":2226597,"heapTotal":18804736,"heapUsed":10127648,"rss":48508928},"message":"Health check successful","timestamp":"2025-04-03T23:19:04.249Z","uptime":2.9828236}
{"level":"info","message":"System test log entry","timestamp":"2025-04-03T23:19:04.517Z"}
{"baseEndpoint":true,"emailEndpoint":true,"level":"info","memoryUsage":{"arrayBuffers":39161,"external":2198596,"heapTotal":17756160,"heapUsed":11777448,"rss":47304704},"message":"Health check successful","timestamp":"2025-04-03T23:20:08.123Z","uptime":0.4810713}
{"baseEndpoint":true,"emailEndpoint":true,"level":"info","memoryUsage":{"arrayBuffers":39150,"external":2198585,"heapTotal":17756160,"heapUsed":11825032,"rss":47452160},"message":"Health check successful","timestamp":"2025-04-03T23:21:33.879Z","uptime":0.4233424}
{"baseEndpoint":true,"emailEndpoint":true,"level":"info","memoryUsage":{"arrayBuffers":69824,"external":2238953,"heapTotal":10936320,"heapUsed":9763848,"rss":43417600},"message":"Health check successful","timestamp":"2025-04-03T23:22:01.227Z","uptime":900.396962}
{"error":"invalid json response body at https://academease-contact-dherfjbsb7csh7c6.westus-01.azurewebsites.net/ reason: Unexpected token '<', \"<!DOCTYPE \"... is not valid JSON","level":"error","memoryUsage":{"arrayBuffers":23403,"external":2182838,"heapTotal":17756160,"heapUsed":11642656,"rss":47194112},"message":"Health check failed","timestamp":"2025-04-03T23:25:08.111Z"}
{"level":"error","message":"Health check failed","metrics":{"failureCount":1,"lastFailure":"2025-04-03T23:25:10.840Z","successCount":0,"uptime":0},"timestamp":"2025-04-03T23:25:10.840Z"}
{"baseEndpoint":true,"emailEndpoint":true,"level":"info","memoryUsage":{"arrayBuffers":47004,"external":2201652,"heapTotal":12509184,"heapUsed":9370320,"rss":43958272},"message":"Health check successful","timestamp":"2025-04-03T23:27:01.227Z","uptime":1220.9827813}
{"baseEndpoint":true,"emailEndpoint":true,"level":"info","memoryUsage":{"arrayBuffers":39157,"external":2198592,"heapTotal":17756160,"heapUsed":11816032,"rss":47407104},"message":"Health check successful","timestamp":"2025-04-03T23:30:08.106Z","uptime":0.4141088}
{"baseEndpoint":true,"emailEndpoint":true,"level":"info","memoryUsage":{"arrayBuffers":39151,"external":2198586,"heapTotal":17756160,"heapUsed":11788080,"rss":49963008},"message":"Health check successful","timestamp":"2025-04-04T18:30:07.710Z","uptime":0.479007}
{"baseEndpoint":true,"emailEndpoint":true,"level":"info","memoryUsage":{"arrayBuffers":39153,"external":2198588,"heapTotal":17756160,"heapUsed":11802240,"rss":49917952},"message":"Health check successful","timestamp":"2025-04-04T18:35:07.704Z","uptime":0.4508484}
{"baseEndpoint":true,"emailEndpoint":true,"level":"info","memoryUsage":{"arrayBuffers":39156,"external":2198591,"heapTotal":17756160,"heapUsed":11781680,"rss":49860608},"message":"Health check successful","timestamp":"2025-04-04T18:40:07.706Z","uptime":0.415409}
{"baseEndpoint":true,"emailEndpoint":true,"level":"info","memoryUsage":{"arrayBuffers":41747,"external":2201222,"heapTotal":10674176,"heapUsed":9190496,"rss":39608320},"message":"Health check successful","timestamp":"2025-04-04T18:45:07.986Z","uptime":300.6729461}
{"baseEndpoint":true,"emailEndpoint":true,"level":"info","memoryUsage":{"arrayBuffers":64234,"external":2228536,"heapTotal":10674176,"heapUsed":9510520,"rss":21028864},"message":"Health check successful","timestamp":"2025-04-04T18:50:08.242Z","uptime":600.8948751}
